# JRE version: OpenJDK Runtime Environment Temurin-21.0.1+12 (21.0.1+12) (build 21.0.1+12-LTS)
# Java VM: OpenJDK 64-Bit Server VM Temurin-21.0.1+12 (21.0.1+12-LTS, mixed mode, sharing, tiered, compressed oops, compressed class ptrs, g1 gc, windows-amd64)
GC Precious Log:
 CardTable entry size: 512
 Card Set container configuration: InlinePtr #cards 4 size 8 Array Of Cards #cards 32 size 80 Howl #buckets 8 coarsen threshold 7372 Howl Bitmap #cards 1024 size 144 coarsen threshold 921 Card regions per heap region 1 cards per card region 8192
 CPUs: 12 total, 12 available
 Memory: 24507M
 Large Page Support: Disabled
 NUMA Support: Disabled
 Compressed Oops: Enabled (Zero based)
 Heap Region Size: 4M
 Heap Min Capacity: 8M
 Heap Initial Capacity: 384M
 Heap Max Capacity: 6128M
 Pre-touch: Disabled
 Parallel Workers: 10
 Concurrent Workers: 3
 Concurrent Refinement Workers: 10
 Periodic GC: Disabled
Heap:
 garbage-first heap   total 81920K, used 26377K [0x0000000681000000, 0x0000000800000000)
  region size 4096K, 2 young (8192K), 1 survivors (4096K)
 Metaspace       used 60984K, committed 61632K, reserved 1114112K
  class space    used 8144K, committed 8448K, reserved 1048576K
GC Heap History (18 events):
Event: 0.435 GC heap before
{Heap before GC invocations=0 (full 0):
 garbage-first heap   total 393216K, used 20480K [0x0000000681000000, 0x0000000800000000)
  region size 4096K, 5 young (20480K), 0 survivors (0K)
 Metaspace       used 3114K, committed 3328K, reserved 1114112K
  class space    used 314K, committed 448K, reserved 1048576K
}
Event: 0.438 GC heap after
{Heap after GC invocations=1 (full 0):
 garbage-first heap   total 393216K, used 6926K [0x0000000681000000, 0x0000000800000000)
  region size 4096K, 1 young (4096K), 1 survivors (4096K)
 Metaspace       used 3114K, committed 3328K, reserved 1114112K
  class space    used 314K, committed 448K, reserved 1048576K
}
Event: 0.747 GC heap before
{Heap before GC invocations=1 (full 0):
 garbage-first heap   total 393216K, used 23310K [0x0000000681000000, 0x0000000800000000)
  region size 4096K, 5 young (20480K), 1 survivors (4096K)
 Metaspace       used 7421K, committed 7616K, reserved 1114112K
  class space    used 883K, committed 960K, reserved 1048576K
}
Event: 0.750 GC heap after
{Heap after GC invocations=2 (full 0):
 garbage-first heap   total 393216K, used 8244K [0x0000000681000000, 0x0000000800000000)
  region size 4096K, 1 young (4096K), 1 survivors (4096K)
 Metaspace       used 7421K, committed 7616K, reserved 1114112K
  class space    used 883K, committed 960K, reserved 1048576K
}
Event: 1.655 GC heap before
{Heap before GC invocations=2 (full 0):
 garbage-first heap   total 393216K, used 77876K [0x0000000681000000, 0x0000000800000000)
  region size 4096K, 19 young (77824K), 1 survivors (4096K)
 Metaspace       used 21133K, committed 21504K, reserved 1114112K
  class space    used 2588K, committed 2752K, reserved 1048576K
}
Event: 1.662 GC heap after
{Heap after GC invocations=3 (full 0):
 garbage-first heap   total 393216K, used 14167K [0x0000000681000000, 0x0000000800000000)
  region size 4096K, 2 young (8192K), 2 survivors (8192K)
 Metaspace       used 21133K, committed 21504K, reserved 1114112K
  class space    used 2588K, committed 2752K, reserved 1048576K
}
Event: 2.500 GC heap before
{Heap before GC invocations=4 (full 0):
 garbage-first heap   total 69632K, used 63319K [0x0000000681000000, 0x0000000800000000)
  region size 4096K, 15 young (61440K), 2 survivors (8192K)
 Metaspace       used 28895K, committed 29376K, reserved 1114112K
  class space    used 3657K, committed 3840K, reserved 1048576K
}
Event: 2.508 GC heap after
{Heap after GC invocations=5 (full 0):
 garbage-first heap   total 81920K, used 18797K [0x0000000681000000, 0x0000000800000000)
  region size 4096K, 3 young (12288K), 3 survivors (12288K)
 Metaspace       used 28895K, committed 29376K, reserved 1114112K
  class space    used 3657K, committed 3840K, reserved 1048576K
}
Event: 2.912 GC heap before
{Heap before GC invocations=5 (full 0):
 garbage-first heap   total 81920K, used 39277K [0x0000000681000000, 0x0000000800000000)
  region size 4096K, 9 young (36864K), 3 survivors (12288K)
 Metaspace       used 35631K, committed 36160K, reserved 1114112K
  class space    used 4463K, committed 4672K, reserved 1048576K
}
Event: 2.920 GC heap after
{Heap after GC invocations=6 (full 0):
 garbage-first heap   total 81920K, used 20726K [0x0000000681000000, 0x0000000800000000)
  region size 4096K, 1 young (4096K), 1 survivors (4096K)
 Metaspace       used 35631K, committed 36160K, reserved 1114112K
  class space    used 4463K, committed 4672K, reserved 1048576K
}
Event: 2.982 GC heap before
{Heap before GC invocations=6 (full 0):
 garbage-first heap   total 81920K, used 20726K [0x0000000681000000, 0x0000000800000000)
  region size 4096K, 2 young (8192K), 1 survivors (4096K)
 Metaspace       used 35978K, committed 36480K, reserved 1114112K
  class space    used 4506K, committed 4736K, reserved 1048576K
}
Event: 2.984 GC heap after
{Heap after GC invocations=7 (full 0):
 garbage-first heap   total 81920K, used 20501K [0x0000000681000000, 0x0000000800000000)
  region size 4096K, 1 young (4096K), 1 survivors (4096K)
 Metaspace       used 35978K, committed 36480K, reserved 1114112K
  class space    used 4506K, committed 4736K, reserved 1048576K
}
Event: 3.699 GC heap before
{Heap before GC invocations=8 (full 0):
 garbage-first heap   total 81920K, used 61461K [0x0000000681000000, 0x0000000800000000)
  region size 4096K, 11 young (45056K), 1 survivors (4096K)
 Metaspace       used 46969K, committed 47552K, reserved 1114112K
  class space    used 6082K, committed 6336K, reserved 1048576K
}
Event: 3.702 GC heap after
{Heap after GC invocations=9 (full 0):
 garbage-first heap   total 81920K, used 22796K [0x0000000681000000, 0x0000000800000000)
  region size 4096K, 2 young (8192K), 2 survivors (8192K)
 Metaspace       used 46969K, committed 47552K, reserved 1114112K
  class space    used 6082K, committed 6336K, reserved 1048576K
}
Event: 4.376 GC heap before
{Heap before GC invocations=9 (full 0):
 garbage-first heap   total 81920K, used 59660K [0x0000000681000000, 0x0000000800000000)
  region size 4096K, 12 young (49152K), 2 survivors (8192K)
 Metaspace       used 59004K, committed 59648K, reserved 1114112K
  class space    used 7854K, committed 8128K, reserved 1048576K
}
Event: 4.380 GC heap after
{Heap after GC invocations=10 (full 0):
 garbage-first heap   total 81920K, used 25255K [0x0000000681000000, 0x0000000800000000)
  region size 4096K, 2 young (8192K), 2 survivors (8192K)
 Metaspace       used 59004K, committed 59648K, reserved 1114112K
  class space    used 7854K, committed 8128K, reserved 1048576K
}
Event: 4.572 GC heap before
{Heap before GC invocations=10 (full 0):
 garbage-first heap   total 81920K, used 33447K [0x0000000681000000, 0x0000000800000000)
  region size 4096K, 5 young (20480K), 2 survivors (8192K)
 Metaspace       used 60930K, committed 61568K, reserved 1114112K
  class space    used 8133K, committed 8448K, reserved 1048576K
}
Event: 4.576 GC heap after
{Heap after GC invocations=11 (full 0):
 garbage-first heap   total 81920K, used 26377K [0x0000000681000000, 0x0000000800000000)
  region size 4096K, 1 young (4096K), 1 survivors (4096K)
 Metaspace       used 60930K, committed 61568K, reserved 1114112K
  class space    used 8133K, committed 8448K, reserved 1048576K
}

